# JRE version: Java(TM) SE Runtime Environment (8.0_31-b13) (build 1.8.0_31-b13)
# Java VM: Java HotSpot(TM) 64-Bit Server VM (25.31-b07 mixed mode bsd-amd64 compressed oops)
Heap:
 PSYoungGen      total 134656K, used 83434K [0x000000076ab00000, 0x0000000775800000, 0x00000007c0000000)
  eden space 123904K, 58% used [0x000000076ab00000,0x000000076f200518,0x0000000772400000)
  from space 10752K, 99% used [0x0000000772b00000,0x000000077357a4d8,0x0000000773580000)
  to   space 26624K, 0% used [0x0000000773e00000,0x0000000773e00000,0x0000000775800000)
 ParOldGen       total 114688K, used 31618K [0x00000006c0000000, 0x00000006c7000000, 0x000000076ab00000)
  object space 114688K, 27% used [0x00000006c0000000,0x00000006c1ee0ab0,0x00000006c7000000)
 Metaspace       used 28187K, capacity 28572K, committed 29056K, reserved 1075200K
  class space    used 3518K, capacity 3628K, committed 3712K, reserved 1048576K
GC Heap History (10 events):
Event: 1.343 GC heap before
{Heap before GC invocations=2 (full 0):
 PSYoungGen      total 76288K, used 71863K [0x000000076ab00000, 0x0000000770000000, 0x00000007c0000000)
  eden space 65536K, 100% used [0x000000076ab00000,0x000000076eb00000,0x000000076eb00000)
  from space 10752K, 58% used [0x000000076eb00000,0x000000076f12de70,0x000000076f580000)
  to   space 10752K, 0% used [0x000000076f580000,0x000000076f580000,0x0000000770000000)
 ParOldGen       total 175104K, used 80K [0x00000006c0000000, 0x00000006cab00000, 0x000000076ab00000)
  object space 175104K, 0% used [0x00000006c0000000,0x00000006c0014010,0x00000006cab00000)
 Metaspace       used 18005K, capacity 18164K, committed 18560K, reserved 1064960K
  class space    used 2263K, capacity 2317K, committed 2432K, reserved 1048576K
Event: 1.352 GC heap after
Heap after GC invocations=2 (full 0):
 PSYoungGen      total 76288K, used 10744K [0x000000076ab00000, 0x0000000774000000, 0x00000007c0000000)
  eden space 65536K, 0% used [0x000000076ab00000,0x000000076ab00000,0x000000076eb00000)
  from space 10752K, 99% used [0x000000076f580000,0x000000076fffe2b8,0x0000000770000000)
  to   space 10752K, 0% used [0x000000076eb00000,0x000000076eb00000,0x000000076f580000)
 ParOldGen       total 175104K, used 1010K [0x00000006c0000000, 0x00000006cab00000, 0x000000076ab00000)
  object space 175104K, 0% used [0x00000006c0000000,0x00000006c00fcb88,0x00000006cab00000)
 Metaspace       used 18005K, capacity 18164K, committed 18560K, reserved 1064960K
  class space    used 2263K, capacity 2317K, committed 2432K, reserved 1048576K
}
Event: 1.608 GC heap before
{Heap before GC invocations=3 (full 0):
 PSYoungGen      total 76288K, used 43961K [0x000000076ab00000, 0x0000000774000000, 0x00000007c0000000)
  eden space 65536K, 50% used [0x000000076ab00000,0x000000076cb701b8,0x000000076eb00000)
  from space 10752K, 99% used [0x000000076f580000,0x000000076fffe2b8,0x0000000770000000)
  to   space 10752K, 0% used [0x000000076eb00000,0x000000076eb00000,0x000000076f580000)
 ParOldGen       total 175104K, used 1010K [0x00000006c0000000, 0x00000006cab00000, 0x000000076ab00000)
  object space 175104K, 0% used [0x00000006c0000000,0x00000006c00fcb88,0x00000006cab00000)
 Metaspace       used 20810K, capacity 21018K, committed 21296K, reserved 1069056K
  class space    used 2625K, capacity 2670K, committed 2688K, reserved 1048576K
Event: 1.616 GC heap after
Heap after GC invocations=3 (full 0):
 PSYoungGen      total 76288K, used 10741K [0x000000076ab00000, 0x0000000774000000, 0x00000007c0000000)
  eden space 65536K, 0% used [0x000000076ab00000,0x000000076ab00000,0x000000076eb00000)
  from space 10752K, 99% used [0x000000076eb00000,0x000000076f57d700,0x000000076f580000)
  to   space 10752K, 0% used [0x0000000773580000,0x0000000773580000,0x0000000774000000)
 ParOldGen       total 175104K, used 2451K [0x00000006c0000000, 0x00000006cab00000, 0x000000076ab00000)
  object space 175104K, 1% used [0x00000006c0000000,0x00000006c0264c30,0x00000006cab00000)
 Metaspace       used 20810K, capacity 21018K, committed 21296K, reserved 1069056K
  class space    used 2625K, capacity 2670K, committed 2688K, reserved 1048576K
}
Event: 1.616 GC heap before
{Heap before GC invocations=4 (full 1):
 PSYoungGen      total 76288K, used 10741K [0x000000076ab00000, 0x0000000774000000, 0x00000007c0000000)
  eden space 65536K, 0% used [0x000000076ab00000,0x000000076ab00000,0x000000076eb00000)
  from space 10752K, 99% used [0x000000076eb00000,0x000000076f57d700,0x000000076f580000)
  to   space 10752K, 0% used [0x0000000773580000,0x0000000773580000,0x0000000774000000)
 ParOldGen       total 175104K, used 2451K [0x00000006c0000000, 0x00000006cab00000, 0x000000076ab00000)
  object space 175104K, 1% used [0x00000006c0000000,0x00000006c0264c30,0x00000006cab00000)
 Metaspace       used 20810K, capacity 21018K, committed 21296K, reserved 1069056K
  class space    used 2625K, capacity 2670K, committed 2688K, reserved 1048576K
Event: 1.646 GC heap after
Heap after GC invocations=4 (full 1):
 PSYoungGen      total 76288K, used 0K [0x000000076ab00000, 0x0000000774000000, 0x00000007c0000000)
  eden space 65536K, 0% used [0x000000076ab00000,0x000000076ab00000,0x000000076eb00000)
  from space 10752K, 0% used [0x000000076eb00000,0x000000076eb00000,0x000000076f580000)
  to   space 10752K, 0% used [0x0000000773580000,0x0000000773580000,0x0000000774000000)
 ParOldGen       total 114688K, used 11810K [0x00000006c0000000, 0x00000006c7000000, 0x000000076ab00000)
  object space 114688K, 10% used [0x00000006c0000000,0x00000006c0b88a50,0x00000006c7000000)
 Metaspace       used 20809K, capacity 21016K, committed 21296K, reserved 1069056K
  class space    used 2625K, capacity 2669K, committed 2688K, reserved 1048576K
}
Event: 7.260 GC heap before
{Heap before GC invocations=5 (full 1):
 PSYoungGen      total 76288K, used 65536K [0x000000076ab00000, 0x0000000774000000, 0x00000007c0000000)
  eden space 65536K, 100% used [0x000000076ab00000,0x000000076eb00000,0x000000076eb00000)
  from space 10752K, 0% used [0x000000076eb00000,0x000000076eb00000,0x000000076f580000)
  to   space 10752K, 0% used [0x0000000773580000,0x0000000773580000,0x0000000774000000)
 ParOldGen       total 114688K, used 11810K [0x00000006c0000000, 0x00000006c7000000, 0x000000076ab00000)
  object space 114688K, 10% used [0x00000006c0000000,0x00000006c0b88a50,0x00000006c7000000)
 Metaspace       used 23523K, capacity 23772K, committed 24064K, reserved 1071104K
  class space    used 2890K, capacity 2976K, committed 3072K, reserved 1048576K
Event: 7.272 GC heap after
Heap after GC invocations=5 (full 1):
 PSYoungGen      total 102912K, used 10739K [0x000000076ab00000, 0x0000000774000000, 0x00000007c0000000)
  eden space 92160K, 0% used [0x000000076ab00000,0x000000076ab00000,0x0000000770500000)
  from space 10752K, 99% used [0x0000000773580000,0x0000000773ffcd28,0x0000000774000000)
  to   space 10752K, 0% used [0x0000000772b00000,0x0000000772b00000,0x0000000773580000)
 ParOldGen       total 114688K, used 17281K [0x00000006c0000000, 0x00000006c7000000, 0x000000076ab00000)
  object space 114688K, 15% used [0x00000006c0000000,0x00000006c10e0670,0x00000006c7000000)
 Metaspace       used 23523K, capacity 23772K, committed 24064K, reserved 1071104K
  class space    used 2890K, capacity 2976K, committed 3072K, reserved 1048576K
}
Event: 21.316 GC heap before
{Heap before GC invocations=6 (full 1):
 PSYoungGen      total 102912K, used 102899K [0x000000076ab00000, 0x0000000774000000, 0x00000007c0000000)
  eden space 92160K, 100% used [0x000000076ab00000,0x0000000770500000,0x0000000770500000)
  from space 10752K, 99% used [0x0000000773580000,0x0000000773ffcd28,0x0000000774000000)
  to   space 10752K, 0% used [0x0000000772b00000,0x0000000772b00000,0x0000000773580000)
 ParOldGen       total 114688K, used 17281K [0x00000006c0000000, 0x00000006c7000000, 0x000000076ab00000)
  object space 114688K, 15% used [0x00000006c0000000,0x00000006c10e0670,0x00000006c7000000)
 Metaspace       used 28175K, capacity 28508K, committed 28800K, reserved 1075200K
  class space    used 3517K, capacity 3628K, committed 3712K, reserved 1048576K
Event: 21.330 GC heap after
Heap after GC invocations=6 (full 1):
 PSYoungGen      total 134656K, used 10729K [0x000000076ab00000, 0x0000000775800000, 0x00000007c0000000)
  eden space 123904K, 0% used [0x000000076ab00000,0x000000076ab00000,0x0000000772400000)
  from space 10752K, 99% used [0x0000000772b00000,0x000000077357a4d8,0x0000000773580000)
  to   space 26624K, 0% used [0x0000000773e00000,0x0000000773e00000,0x0000000775800000)
 ParOldGen       total 114688K, used 31618K [0x00000006c0000000, 0x00000006c7000000, 0x000000076ab00000)
  object space 114688K, 27% used [0x00000006c0000000,0x00000006c1ee0ab0,0x00000006c7000000)
 Metaspace       used 28175K, capacity 28508K, committed 28800K, reserved 1075200K
  class space    used 3517K, capacity 3628K, committed 3712K, reserved 1048576K
}

