# JRE version: Java(TM) SE Runtime Environment (8.0_31-b13) (build 1.8.0_31-b13)
# Java VM: Java HotSpot(TM) 64-Bit Server VM (25.31-b07 mixed mode bsd-amd64 compressed oops)
Heap:
 PSYoungGen      total 134144K, used 84811K [0x000000076ab00000, 0x0000000775780000, 0x00000007c0000000)
  eden space 123392K, 60% used [0x000000076ab00000,0x000000076f353ab0,0x0000000772380000)
  from space 10752K, 99% used [0x0000000772b00000,0x000000077357f3c0,0x0000000773580000)
  to   space 26624K, 0% used [0x0000000773d80000,0x0000000773d80000,0x0000000775780000)
 ParOldGen       total 115200K, used 31466K [0x00000006c0000000, 0x00000006c7080000, 0x000000076ab00000)
  object space 115200K, 27% used [0x00000006c0000000,0x00000006c1ebab88,0x00000006c7080000)
 Metaspace       used 28158K, capacity 28502K, committed 28800K, reserved 1075200K
  class space    used 3519K, capacity 3627K, committed 3712K, reserved 1048576K
GC Heap History (10 events):
Event: 1.289 GC heap before
{Heap before GC invocations=2 (full 0):
 PSYoungGen      total 76288K, used 71917K [0x000000076ab00000, 0x0000000770000000, 0x00000007c0000000)
  eden space 65536K, 100% used [0x000000076ab00000,0x000000076eb00000,0x000000076eb00000)
  from space 10752K, 59% used [0x000000076eb00000,0x000000076f13b7c8,0x000000076f580000)
  to   space 10752K, 0% used [0x000000076f580000,0x000000076f580000,0x0000000770000000)
 ParOldGen       total 175104K, used 80K [0x00000006c0000000, 0x00000006cab00000, 0x000000076ab00000)
  object space 175104K, 0% used [0x00000006c0000000,0x00000006c0014010,0x00000006cab00000)
 Metaspace       used 17978K, capacity 18164K, committed 18560K, reserved 1064960K
  class space    used 2262K, capacity 2317K, committed 2432K, reserved 1048576K
Event: 1.298 GC heap after
Heap after GC invocations=2 (full 0):
 PSYoungGen      total 76288K, used 10736K [0x000000076ab00000, 0x0000000774000000, 0x00000007c0000000)
  eden space 65536K, 0% used [0x000000076ab00000,0x000000076ab00000,0x000000076eb00000)
  from space 10752K, 99% used [0x000000076f580000,0x000000076fffc0d0,0x0000000770000000)
  to   space 10752K, 0% used [0x000000076eb00000,0x000000076eb00000,0x000000076f580000)
 ParOldGen       total 175104K, used 1086K [0x00000006c0000000, 0x00000006cab00000, 0x000000076ab00000)
  object space 175104K, 0% used [0x00000006c0000000,0x00000006c010f9e0,0x00000006cab00000)
 Metaspace       used 17978K, capacity 18164K, committed 18560K, reserved 1064960K
  class space    used 2262K, capacity 2317K, committed 2432K, reserved 1048576K
}
Event: 1.543 GC heap before
{Heap before GC invocations=3 (full 0):
 PSYoungGen      total 76288K, used 45047K [0x000000076ab00000, 0x0000000774000000, 0x00000007c0000000)
  eden space 65536K, 52% used [0x000000076ab00000,0x000000076cc81c70,0x000000076eb00000)
  from space 10752K, 99% used [0x000000076f580000,0x000000076fffc0d0,0x0000000770000000)
  to   space 10752K, 0% used [0x000000076eb00000,0x000000076eb00000,0x000000076f580000)
 ParOldGen       total 175104K, used 1086K [0x00000006c0000000, 0x00000006cab00000, 0x000000076ab00000)
  object space 175104K, 0% used [0x00000006c0000000,0x00000006c010f9e0,0x00000006cab00000)
 Metaspace       used 20785K, capacity 21018K, committed 21296K, reserved 1069056K
  class space    used 2625K, capacity 2670K, committed 2688K, reserved 1048576K
Event: 1.551 GC heap after
Heap after GC invocations=3 (full 0):
 PSYoungGen      total 76288K, used 10721K [0x000000076ab00000, 0x0000000774000000, 0x00000007c0000000)
  eden space 65536K, 0% used [0x000000076ab00000,0x000000076ab00000,0x000000076eb00000)
  from space 10752K, 99% used [0x000000076eb00000,0x000000076f578728,0x000000076f580000)
  to   space 10752K, 0% used [0x0000000773580000,0x0000000773580000,0x0000000774000000)
 ParOldGen       total 175104K, used 2550K [0x00000006c0000000, 0x00000006cab00000, 0x000000076ab00000)
  object space 175104K, 1% used [0x00000006c0000000,0x00000006c027d9c8,0x00000006cab00000)
 Metaspace       used 20785K, capacity 21018K, committed 21296K, reserved 1069056K
  class space    used 2625K, capacity 2670K, committed 2688K, reserved 1048576K
}
Event: 1.551 GC heap before
{Heap before GC invocations=4 (full 1):
 PSYoungGen      total 76288K, used 10721K [0x000000076ab00000, 0x0000000774000000, 0x00000007c0000000)
  eden space 65536K, 0% used [0x000000076ab00000,0x000000076ab00000,0x000000076eb00000)
  from space 10752K, 99% used [0x000000076eb00000,0x000000076f578728,0x000000076f580000)
  to   space 10752K, 0% used [0x0000000773580000,0x0000000773580000,0x0000000774000000)
 ParOldGen       total 175104K, used 2550K [0x00000006c0000000, 0x00000006cab00000, 0x000000076ab00000)
  object space 175104K, 1% used [0x00000006c0000000,0x00000006c027d9c8,0x00000006cab00000)
 Metaspace       used 20785K, capacity 21018K, committed 21296K, reserved 1069056K
  class space    used 2625K, capacity 2670K, committed 2688K, reserved 1048576K
Event: 1.580 GC heap after
Heap after GC invocations=4 (full 1):
 PSYoungGen      total 76288K, used 0K [0x000000076ab00000, 0x0000000774000000, 0x00000007c0000000)
  eden space 65536K, 0% used [0x000000076ab00000,0x000000076ab00000,0x000000076eb00000)
  from space 10752K, 0% used [0x000000076eb00000,0x000000076eb00000,0x000000076f580000)
  to   space 10752K, 0% used [0x0000000773580000,0x0000000773580000,0x0000000774000000)
 ParOldGen       total 115200K, used 11828K [0x00000006c0000000, 0x00000006c7080000, 0x000000076ab00000)
  object space 115200K, 10% used [0x00000006c0000000,0x00000006c0b8d388,0x00000006c7080000)
 Metaspace       used 20784K, capacity 21016K, committed 21296K, reserved 1069056K
  class space    used 2625K, capacity 2669K, committed 2688K, reserved 1048576K
}
Event: 6.836 GC heap before
{Heap before GC invocations=5 (full 1):
 PSYoungGen      total 76288K, used 65536K [0x000000076ab00000, 0x0000000774000000, 0x00000007c0000000)
  eden space 65536K, 100% used [0x000000076ab00000,0x000000076eb00000,0x000000076eb00000)
  from space 10752K, 0% used [0x000000076eb00000,0x000000076eb00000,0x000000076f580000)
  to   space 10752K, 0% used [0x0000000773580000,0x0000000773580000,0x0000000774000000)
 ParOldGen       total 115200K, used 11828K [0x00000006c0000000, 0x00000006c7080000, 0x000000076ab00000)
  object space 115200K, 10% used [0x00000006c0000000,0x00000006c0b8d388,0x00000006c7080000)
 Metaspace       used 23509K, capacity 23836K, committed 24320K, reserved 1071104K
  class space    used 2893K, capacity 2976K, committed 3072K, reserved 1048576K
Event: 6.845 GC heap after
Heap after GC invocations=5 (full 1):
 PSYoungGen      total 102912K, used 10738K [0x000000076ab00000, 0x0000000774000000, 0x00000007c0000000)
  eden space 92160K, 0% used [0x000000076ab00000,0x000000076ab00000,0x0000000770500000)
  from space 10752K, 99% used [0x0000000773580000,0x0000000773ffcae8,0x0000000774000000)
  to   space 10752K, 0% used [0x0000000772b00000,0x0000000772b00000,0x0000000773580000)
 ParOldGen       total 115200K, used 16624K [0x00000006c0000000, 0x00000006c7080000, 0x000000076ab00000)
  object space 115200K, 14% used [0x00000006c0000000,0x00000006c103c0a0,0x00000006c7080000)
 Metaspace       used 23509K, capacity 23836K, committed 24320K, reserved 1071104K
  class space    used 2893K, capacity 2976K, committed 3072K, reserved 1048576K
}
Event: 22.200 GC heap before
{Heap before GC invocations=6 (full 1):
 PSYoungGen      total 102912K, used 102177K [0x000000076ab00000, 0x0000000774000000, 0x00000007c0000000)
  eden space 92160K, 99% used [0x000000076ab00000,0x000000077044bb58,0x0000000770500000)
  from space 10752K, 99% used [0x0000000773580000,0x0000000773ffcae8,0x0000000774000000)
  to   space 10752K, 0% used [0x0000000772b00000,0x0000000772b00000,0x0000000773580000)
 ParOldGen       total 115200K, used 16624K [0x00000006c0000000, 0x00000006c7080000, 0x000000076ab00000)
  object space 115200K, 14% used [0x00000006c0000000,0x00000006c103c0a0,0x00000006c7080000)
 Metaspace       used 27913K, capacity 28230K, committed 28416K, reserved 1075200K
  class space    used 3477K, capacity 3575K, committed 3584K, reserved 1048576K
Event: 22.215 GC heap after
Heap after GC invocations=6 (full 1):
 PSYoungGen      total 134144K, used 10748K [0x000000076ab00000, 0x0000000775780000, 0x00000007c0000000)
  eden space 123392K, 0% used [0x000000076ab00000,0x000000076ab00000,0x0000000772380000)
  from space 10752K, 99% used [0x0000000772b00000,0x000000077357f3c0,0x0000000773580000)
  to   space 26624K, 0% used [0x0000000773d80000,0x0000000773d80000,0x0000000775780000)
 ParOldGen       total 115200K, used 31466K [0x00000006c0000000, 0x00000006c7080000, 0x000000076ab00000)
  object space 115200K, 27% used [0x00000006c0000000,0x00000006c1ebab88,0x00000006c7080000)
 Metaspace       used 27913K, capacity 28230K, committed 28416K, reserved 1075200K
  class space    used 3477K, capacity 3575K, committed 3584K, reserved 1048576K
}

