# JRE version: Java(TM) SE Runtime Environment (8.0_31-b13) (build 1.8.0_31-b13)
# Java VM: Java HotSpot(TM) 64-Bit Server VM (25.31-b07 mixed mode bsd-amd64 compressed oops)
Heap:
 PSYoungGen      total 127488K, used 87798K [0x000000076ab00000, 0x0000000775200000, 0x00000007c0000000)
  eden space 116736K, 66% used [0x000000076ab00000,0x000000076f63e7f0,0x0000000771d00000)
  from space 10752K, 99% used [0x0000000772b00000,0x000000077357f3f0,0x0000000773580000)
  to   space 27136K, 0% used [0x0000000773780000,0x0000000773780000,0x0000000775200000)
 ParOldGen       total 117760K, used 32333K [0x00000006c0000000, 0x00000006c7300000, 0x000000076ab00000)
  object space 117760K, 27% used [0x00000006c0000000,0x00000006c1f936f0,0x00000006c7300000)
 Metaspace       used 28202K, capacity 28572K, committed 29056K, reserved 1075200K
  class space    used 3523K, capacity 3628K, committed 3712K, reserved 1048576K
GC Heap History (10 events):
Event: 1.334 GC heap before
{Heap before GC invocations=2 (full 0):
 PSYoungGen      total 76288K, used 71878K [0x000000076ab00000, 0x0000000770000000, 0x00000007c0000000)
  eden space 65536K, 100% used [0x000000076ab00000,0x000000076eb00000,0x000000076eb00000)
  from space 10752K, 58% used [0x000000076eb00000,0x000000076f131a30,0x000000076f580000)
  to   space 10752K, 0% used [0x000000076f580000,0x000000076f580000,0x0000000770000000)
 ParOldGen       total 175104K, used 80K [0x00000006c0000000, 0x00000006cab00000, 0x000000076ab00000)
  object space 175104K, 0% used [0x00000006c0000000,0x00000006c0014010,0x00000006cab00000)
 Metaspace       used 17981K, capacity 18164K, committed 18560K, reserved 1064960K
  class space    used 2262K, capacity 2317K, committed 2432K, reserved 1048576K
Event: 1.342 GC heap after
Heap after GC invocations=2 (full 0):
 PSYoungGen      total 76288K, used 10749K [0x000000076ab00000, 0x0000000770000000, 0x00000007c0000000)
  eden space 65536K, 0% used [0x000000076ab00000,0x000000076ab00000,0x000000076eb00000)
  from space 10752K, 99% used [0x000000076f580000,0x000000076ffff410,0x0000000770000000)
  to   space 10752K, 0% used [0x000000076eb00000,0x000000076eb00000,0x000000076f580000)
 ParOldGen       total 175104K, used 1105K [0x00000006c0000000, 0x00000006cab00000, 0x000000076ab00000)
  object space 175104K, 0% used [0x00000006c0000000,0x00000006c01146a0,0x00000006cab00000)
 Metaspace       used 17981K, capacity 18164K, committed 18560K, reserved 1064960K
  class space    used 2262K, capacity 2317K, committed 2432K, reserved 1048576K
}
Event: 1.587 GC heap before
{Heap before GC invocations=3 (full 0):
 PSYoungGen      total 76288K, used 44018K [0x000000076ab00000, 0x0000000770000000, 0x00000007c0000000)
  eden space 65536K, 50% used [0x000000076ab00000,0x000000076cb7d558,0x000000076eb00000)
  from space 10752K, 99% used [0x000000076f580000,0x000000076ffff410,0x0000000770000000)
  to   space 10752K, 0% used [0x000000076eb00000,0x000000076eb00000,0x000000076f580000)
 ParOldGen       total 175104K, used 1105K [0x00000006c0000000, 0x00000006cab00000, 0x000000076ab00000)
  object space 175104K, 0% used [0x00000006c0000000,0x00000006c01146a0,0x00000006cab00000)
 Metaspace       used 20795K, capacity 21018K, committed 21296K, reserved 1069056K
  class space    used 2626K, capacity 2670K, committed 2688K, reserved 1048576K
Event: 1.594 GC heap after
Heap after GC invocations=3 (full 0):
 PSYoungGen      total 76288K, used 10721K [0x000000076ab00000, 0x0000000774000000, 0x00000007c0000000)
  eden space 65536K, 0% used [0x000000076ab00000,0x000000076ab00000,0x000000076eb00000)
  from space 10752K, 99% used [0x000000076eb00000,0x000000076f578728,0x000000076f580000)
  to   space 10752K, 0% used [0x0000000773580000,0x0000000773580000,0x0000000774000000)
 ParOldGen       total 175104K, used 2578K [0x00000006c0000000, 0x00000006cab00000, 0x000000076ab00000)
  object space 175104K, 1% used [0x00000006c0000000,0x00000006c0284b10,0x00000006cab00000)
 Metaspace       used 20795K, capacity 21018K, committed 21296K, reserved 1069056K
  class space    used 2626K, capacity 2670K, committed 2688K, reserved 1048576K
}
Event: 1.594 GC heap before
{Heap before GC invocations=4 (full 1):
 PSYoungGen      total 76288K, used 10721K [0x000000076ab00000, 0x0000000774000000, 0x00000007c0000000)
  eden space 65536K, 0% used [0x000000076ab00000,0x000000076ab00000,0x000000076eb00000)
  from space 10752K, 99% used [0x000000076eb00000,0x000000076f578728,0x000000076f580000)
  to   space 10752K, 0% used [0x0000000773580000,0x0000000773580000,0x0000000774000000)
 ParOldGen       total 175104K, used 2578K [0x00000006c0000000, 0x00000006cab00000, 0x000000076ab00000)
  object space 175104K, 1% used [0x00000006c0000000,0x00000006c0284b10,0x00000006cab00000)
 Metaspace       used 20795K, capacity 21018K, committed 21296K, reserved 1069056K
  class space    used 2626K, capacity 2670K, committed 2688K, reserved 1048576K
Event: 1.628 GC heap after
Heap after GC invocations=4 (full 1):
 PSYoungGen      total 76288K, used 0K [0x000000076ab00000, 0x0000000774000000, 0x00000007c0000000)
  eden space 65536K, 0% used [0x000000076ab00000,0x000000076ab00000,0x000000076eb00000)
  from space 10752K, 0% used [0x000000076eb00000,0x000000076eb00000,0x000000076f580000)
  to   space 10752K, 0% used [0x0000000773580000,0x0000000773580000,0x0000000774000000)
 ParOldGen       total 117760K, used 11828K [0x00000006c0000000, 0x00000006c7300000, 0x000000076ab00000)
  object space 117760K, 10% used [0x00000006c0000000,0x00000006c0b8d380,0x00000006c7300000)
 Metaspace       used 20794K, capacity 21016K, committed 21296K, reserved 1069056K
  class space    used 2625K, capacity 2669K, committed 2688K, reserved 1048576K
}
Event: 6.445 GC heap before
{Heap before GC invocations=5 (full 1):
 PSYoungGen      total 76288K, used 65536K [0x000000076ab00000, 0x0000000774000000, 0x00000007c0000000)
  eden space 65536K, 100% used [0x000000076ab00000,0x000000076eb00000,0x000000076eb00000)
  from space 10752K, 0% used [0x000000076eb00000,0x000000076eb00000,0x000000076f580000)
  to   space 10752K, 0% used [0x0000000773580000,0x0000000773580000,0x0000000774000000)
 ParOldGen       total 117760K, used 11828K [0x00000006c0000000, 0x00000006c7300000, 0x000000076ab00000)
  object space 117760K, 10% used [0x00000006c0000000,0x00000006c0b8d380,0x00000006c7300000)
 Metaspace       used 23510K, capacity 23836K, committed 24320K, reserved 1071104K
  class space    used 2890K, capacity 2976K, committed 3072K, reserved 1048576K
Event: 6.455 GC heap after
Heap after GC invocations=5 (full 1):
 PSYoungGen      total 99840K, used 10737K [0x000000076ab00000, 0x0000000774000000, 0x00000007c0000000)
  eden space 89088K, 0% used [0x000000076ab00000,0x000000076ab00000,0x0000000770200000)
  from space 10752K, 99% used [0x0000000773580000,0x0000000773ffc640,0x0000000774000000)
  to   space 10752K, 0% used [0x0000000772b00000,0x0000000772b00000,0x0000000773580000)
 ParOldGen       total 117760K, used 16475K [0x00000006c0000000, 0x00000006c7300000, 0x000000076ab00000)
  object space 117760K, 13% used [0x00000006c0000000,0x00000006c1016cf8,0x00000006c7300000)
 Metaspace       used 23510K, capacity 23836K, committed 24320K, reserved 1071104K
  class space    used 2890K, capacity 2976K, committed 3072K, reserved 1048576K
}
Event: 12.434 GC heap before
{Heap before GC invocations=6 (full 1):
 PSYoungGen      total 99840K, used 98837K [0x000000076ab00000, 0x0000000774000000, 0x00000007c0000000)
  eden space 89088K, 98% used [0x000000076ab00000,0x0000000770108f48,0x0000000770200000)
  from space 10752K, 99% used [0x0000000773580000,0x0000000773ffc640,0x0000000774000000)
  to   space 10752K, 0% used [0x0000000772b00000,0x0000000772b00000,0x0000000773580000)
 ParOldGen       total 117760K, used 16475K [0x00000006c0000000, 0x00000006c7300000, 0x000000076ab00000)
  object space 117760K, 13% used [0x00000006c0000000,0x00000006c1016cf8,0x00000006c7300000)
 Metaspace       used 27940K, capacity 28300K, committed 28672K, reserved 1075200K
  class space    used 3478K, capacity 3576K, committed 3584K, reserved 1048576K
Event: 12.449 GC heap after
Heap after GC invocations=6 (full 1):
 PSYoungGen      total 127488K, used 10748K [0x000000076ab00000, 0x0000000775200000, 0x00000007c0000000)
  eden space 116736K, 0% used [0x000000076ab00000,0x000000076ab00000,0x0000000771d00000)
  from space 10752K, 99% used [0x0000000772b00000,0x000000077357f3f0,0x0000000773580000)
  to   space 27136K, 0% used [0x0000000773780000,0x0000000773780000,0x0000000775200000)
 ParOldGen       total 117760K, used 32333K [0x00000006c0000000, 0x00000006c7300000, 0x000000076ab00000)
  object space 117760K, 27% used [0x00000006c0000000,0x00000006c1f936f0,0x00000006c7300000)
 Metaspace       used 27940K, capacity 28300K, committed 28672K, reserved 1075200K
  class space    used 3478K, capacity 3576K, committed 3584K, reserved 1048576K
}

